"../../../../../../Users/conno/Dropbox/My PC (LAPTOP-30LTRUSN)/Documents/Unreal Projects/XtremeNewBullet/Content/Sounds/steps/Footstep01.uasset" 0
"../../../../../../Users/conno/Dropbox/My PC (LAPTOP-30LTRUSN)/Documents/Unreal Projects/XtremeNewBullet/Content/Sounds/steps/Footstep02.uasset" 1
"../../../../../../Users/conno/Dropbox/My PC (LAPTOP-30LTRUSN)/Documents/Unreal Projects/XtremeNewBullet/Content/Sounds/steps/Footstep03.uasset" 2
"../../../../../../Users/conno/Dropbox/My PC (LAPTOP-30LTRUSN)/Documents/Unreal Projects/XtremeNewBullet/Content/Sounds/steps/Footstep04.uasset" 3
"../../../../../../Users/conno/Dropbox/My PC (LAPTOP-30LTRUSN)/Documents/Unreal Projects/XtremeNewBullet/Content/Textures/playerRedIcon.uasset" 4
"../../../Engine/Content/Animation/DefaultAnimCurveCompressionSettings.uasset" 5
"../../../Engine/Content/Functions/Engine_MaterialFunctions01/Opacity/CameraDepthFade.uasset" 6
"../../../Engine/Content/EngineMaterials/T_Default_Material_Grid_M.uasset" 7
"../../../Engine/Content/EngineMaterials/T_Default_Material_Grid_N.uasset" 8
"../../../Engine/Content/EngineMaterials/WorldGridMaterial.uasset" 9
"../../../Engine/Content/ArtTools/RenderToTexture/Meshes/S_1_Unit_Plane.uasset" 10
"../../../Engine/Content/EngineMaterials/DefaultMaterial.uasset" 11
"../../../Engine/Content/BasicShapes/Cone.uasset" 12
"../../../Engine/Content/BasicShapes/Cylinder.uasset" 13
"../../../Engine/Content/BasicShapes/Plane.uasset" 14
"../../../Engine/Content/BasicShapes/Sphere.uasset" 15
"../../../Engine/Content/EditorLandscapeResources/DataLayer.uasset" 16
"../../../Engine/Content/EditorMaterials/MAT_Groups_Toggle.uasset" 17
"../../../Engine/Content/EditorMaterials/MAT_Groups_Visibility.uasset" 18
"../../../Engine/Content/EditorMaterials/PreviewShadowIndicator.uasset" 19
"../../../Engine/Content/EditorMaterials/PreviewShadowIndicatorMaterial.uasset" 20
"../../../Engine/Content/EditorMaterials/MatineeGroups/MAT_ColorTrack.uasset" 21
"../../../Engine/Content/EditorMaterials/MatineeGroups/MAT_Groups_Anim.uasset" 22
"../../../Engine/Content/EditorMaterials/MatineeGroups/MAT_Groups_AudioMaster.uasset" 23
"../../../Engine/Content/EditorMaterials/MatineeGroups/MAT_Groups_Director.uasset" 24
"../../../Engine/Content/EditorMaterials/MatineeGroups/MAT_Groups_Event.uasset" 25
"../../../Engine/Content/EditorMaterials/MatineeGroups/MAT_Groups_Fade.uasset" 26
"../../../Engine/Content/EditorMaterials/MatineeGroups/MAT_Groups_Float.uasset" 27
"../../../Engine/Content/EditorMaterials/MatineeGroups/MAT_Groups_Move.uasset" 28
"../../../Engine/Content/EditorMaterials/MatineeGroups/MAT_Groups_Slomo.uasset" 29
"../../../Engine/Content/EditorMaterials/MatineeGroups/MAT_Groups_Sound.uasset" 30
"../../../Engine/Content/EditorMaterials/MatineeGroups/MAT_Groups_Vector.uasset" 31
"../../../Engine/Content/EditorMaterials/ParticleSystems/PSysThumbnail_NoImage.uasset" 32
"../../../Engine/Content/EditorMaterials/ParticleSystems/PSysThumbnail_OOD.uasset" 33
"../../../Engine/Content/EditorMaterials/Camera/CineMat.uasset" 34
"../../../Engine/Content/EditorMaterials/Camera/MI_CineMat_Rig.uasset" 35
"../../../Engine/Content/EditorMeshes/Camera/SM_CraneRig_Arm.uasset" 36
"../../../Engine/Content/EditorMeshes/Camera/SM_CraneRig_Base.uasset" 37
"../../../Engine/Content/EditorMeshes/Camera/SM_CraneRig_Body.uasset" 38
"../../../Engine/Content/EditorMeshes/Camera/SM_CraneRig_Mount.uasset" 39
"../../../Engine/Content/EditorMeshes/Camera/SM_RailRig_Mount.uasset" 40
"../../../Engine/Content/EditorMeshes/Camera/SM_RailRig_Track.uasset" 41
"../../../Engine/Content/EditorResources/BSPVertex.uasset" 42
"../../../Engine/Content/EditorResources/EmptyActor.uasset" 43
"../../../Engine/Content/EditorResources/S_Actor.uasset" 44
"../../../Engine/Content/EditorResources/S_Note.uasset" 45
"../../../Engine/Content/EditorResources/S_Solver.uasset" 46
"../../../Engine/Content/EditorResources/S_Trigger.uasset" 47
"../../../Engine/Content/EditorResources/LightIcons/S_LightError.uasset" 48
"../../../Engine/Content/EditorResources/SequenceRecorder/Countdown.uasset" 49
"../../../Engine/Content/EditorResources/SequenceRecorder/RecordingIndicator.uasset" 50
"../../../Engine/Content/EditorSounds/Notifications/CompileFailed.uasset" 51
"../../../Engine/Content/EditorSounds/Notifications/CompileFailed_Cue.uasset" 52
"../../../Engine/Content/EditorSounds/Notifications/CompileSuccess.uasset" 53
"../../../Engine/Content/EditorSounds/Notifications/CompileStart_Cue.uasset" 54
"../../../Engine/Content/EditorSounds/Notifications/CompileSuccess_Cue.uasset" 55
"../../../Engine/Content/EngineDamageTypes/DmgTypeBP_Environmental.uasset" 56
"../../../Engine/Content/EngineDebugMaterials/DebugEditorMaterial.uasset" 57
"../../../Engine/Content/EngineDebugMaterials/DebugMeshMaterial.uasset" 58
"../../../Engine/Content/EngineDebugMaterials/M_SimpleTranslucent.uasset" 59
"../../../Engine/Content/Functions/Engine_MaterialFunctions02/Utility/CameraDirectionVector.uasset" 60
"../../../Engine/Content/EngineDebugMaterials/VolumeToRender.uasset" 61
"../../../Engine/Content/EngineDebugMaterials/M_VolumeRenderSphereTracePP.uasset" 62
"../../../Engine/Content/EngineDebugMaterials/WireframeMaterial.uasset" 63
"../../../Engine/Content/EngineFonts/Faces/DroidSansFallback.uasset" 64
"../../../Engine/Content/EngineFonts/Faces/RobotoBold.uasset" 65
"../../../Engine/Content/EngineFonts/Faces/RobotoBoldItalic.uasset" 66
"../../../Engine/Content/EngineFonts/Faces/RobotoItalic.uasset" 67
"../../../Engine/Content/EngineFonts/Faces/RobotoLight.uasset" 68
"../../../Engine/Content/EngineFonts/Faces/RobotoRegular.uasset" 69
"../../../Engine/Content/EngineFonts/Roboto.uasset" 70
"../../../Engine/Content/EngineMaterials/BaseFlattenDiffuseMap.uasset" 71
"../../../Engine/Content/EngineMaterials/BaseFlattenEmissiveMap.uasset" 72
"../../../Engine/Content/EngineMaterials/BaseFlattenGrayscaleMap.uasset" 73
"../../../Engine/Content/EngineMaterials/BaseFlattenNormalMap.uasset" 74
"../../../Engine/Content/EngineMaterials/BaseFlattenMaterial.uasset" 75
"../../../Engine/Content/EngineMaterials/BlueNoise.uasset" 76
"../../../Engine/Content/EngineMaterials/DefaultBloomKernel.uasset" 77
"../../../Engine/Content/EngineMaterials/DefaultBokeh.uasset" 78
"../../../Engine/Content/EngineMaterials/DefaultDiffuse.uasset" 79
"../../../Engine/Content/EngineMaterials/DefaultDeferredDecalMaterial.uasset" 80
"../../../Engine/Content/EngineMaterials/DefaultLightFunctionMaterial.uasset" 81
"../../../Engine/Content/EngineMaterials/DefaultPhysicalMaterial.uasset" 82
"../../../Engine/Content/Functions/Engine_MaterialFunctions02/Utility/BreakOutFloat2Components.uasset" 83
"../../../Engine/Content/EngineMaterials/DefaultPostProcessMaterial.uasset" 84
"../../../Engine/Content/EngineFonts/RobotoDistanceField.uasset" 85
"../../../Engine/Content/EngineMaterials/DefaultTextMaterialOpaque.uasset" 86
"../../../Engine/Content/EngineMaterials/DefaultVirtualTextureMaterial.uasset" 87
"../../../Engine/Content/EngineMaterials/DefaultWhiteGrid.uasset" 88
"../../../Engine/Content/EngineMaterials/DefaultWhiteGrid_Low.uasset" 89
"../../../Engine/Content/EngineMaterials/EmissiveMeshMaterial.uasset" 90
"../../../Engine/Content/EngineMaterials/GizmoMaterial.uasset" 91
"../../../Engine/Content/EngineMaterials/Good64x64TilingNoiseHighFreq.uasset" 92
"../../../Engine/Content/EngineMaterials/HairDefaultMaterial.uasset" 93
"../../../Engine/Content/EngineMaterials/MiniFont.uasset" 94
"../../../Engine/Content/EngineMaterials/InvalidLightmapSettings.uasset" 95
"../../../Engine/Content/EngineMaterials/M_InvalidLightmapSettings.uasset" 96
"../../../Engine/Content/Functions/Engine_MaterialFunctions02/WorldPositionOffset/CameraOffset.uasset" 97
"../../../Engine/Content/EngineMaterials/PhAT_JointLimitMaterial.uasset" 98
"../../../Engine/Content/EngineMaterials/PreintegratedSkinBRDF.uasset" 99
"../../../Engine/Content/EngineMaterials/RemoveSurfaceMaterial.uasset" 100
"../../../Engine/Content/EngineMaterials/WeightMapPlaceholderTexture.uasset" 101
"../../../Engine/Content/EngineResources/WhiteSquareTexture.uasset" 102
"../../../Engine/Content/EngineMaterials/Widget3DPassThrough.uasset" 103
"../../../Engine/Content/EngineMaterials/Widget3DPassThrough_Masked.uasset" 104
"../../../Engine/Content/EngineMaterials/Widget3DPassThrough_Opaque.uasset" 105
"../../../Engine/Content/EngineMaterials/Widget3DPassThrough_Masked_OneSided.uasset" 106
"../../../Engine/Content/EngineMaterials/Widget3DPassThrough_Opaque_OneSided.uasset" 107
"../../../Engine/Content/EngineMaterials/Widget3DPassThrough_Translucent.uasset" 108
"../../../Engine/Content/EngineMaterials/Widget3DPassThrough_Translucent_OneSided.uasset" 109
"../../../Engine/Content/EngineMeshes/Cylinder.uasset" 110
"../../../Engine/Content/EngineMeshes/Sphere.uasset" 111
"../../../Engine/Content/EngineResources/Black.uasset" 112
"../../../Engine/Content/EngineResources/DefaultTexture.uasset" 113
"../../../Engine/Content/EngineResources/DefaultTextureCube.uasset" 114
"../../../Engine/Content/EngineResources/DefaultVolumeTexture2D.uasset" 115
"../../../Engine/Content/EngineResources/DefaultVolumeTexture.uasset" 116
"../../../Engine/Content/EngineResources/GradientTexture0.uasset" 117
"../../../Engine/Content/EngineSounds/Master.uasset" 118
"../../../Engine/Content/Functions/Engine_MaterialFunctions01/Shading/ConvertFromDiffSpec.uasset" 119
"../../../Engine/Content/Functions/Engine_MaterialFunctions01/Shading/PowerToRoughness.uasset" 120
"../../../Engine/Content/Maps/Templates/Thumbnails/Default.uasset" 121
"../../../Engine/Content/Maps/Templates/Thumbnails/TimeOfDay.uasset" 122
"../../../Engine/Content/Maps/Templates/Thumbnails/VR-Basic.uasset" 123
"../../../Engine/Content/MobileResources/T_MobileControls_texture.uasset" 124
"../../../Engine/Content/MobileResources/T_MobileMenu2.uasset" 125
"../../../Engine/Content/MobileResources/HUD/AnalogHat.uasset" 126
"../../../Engine/Content/MobileResources/HUD/VirtualJoystick_Background.uasset" 127
"../../../Engine/Content/MobileResources/HUD/VirtualJoystick_Thumb.uasset" 128
"../../../Engine/Content/MobileResources/HUD/DefaultVirtualJoysticks.uasset" 129
"../../../Engine/Content/MobileResources/HUD/LeftVirtualJoystickOnly.uasset" 130
"../../../Engine/Content/MobileResources/HUD/MobileHUDButton1_off.uasset" 131
"../../../Engine/Content/MobileResources/HUD/MobileHUDButton1_on.uasset" 132
"../../../Engine/Content/MobileResources/HUD/MobileHUDButton2_off.uasset" 133
"../../../Engine/Content/MobileResources/HUD/MobileHUDButton2_on.uasset" 134
"../../../Engine/Content/MobileResources/HUD/MobileHUDButton3.uasset" 135
"../../../Engine/Content/MobileResources/HUD/MobileHUDButtonFire.uasset" 136
"../../../Engine/Content/MobileResources/HUD/MobileHUDDirectionPad.uasset" 137
"../../../Engine/Content/MobileResources/HUD/MobileHUDDirectionPad2.uasset" 138
"../../../Engine/Content/MobileResources/HUD/MobileHUDDirectionPad3.uasset" 139
"../../../Engine/Content/MobileResources/HUD/MobileHUDDirectionStick.uasset" 140
"../../../Engine/Content/MobileResources/HUD/T_Castle_ThumbstickInner.uasset" 141
"../../../Engine/Content/MobileResources/HUD/T_Castle_ThumbstickOutter.uasset" 142
"../../../Engine/Content/Tutorial/ContentIntroCurve.uasset" 143
"../../../Engine/Content/Tutorial/Basics/LevelEditorAttract.uasset" 144
"../../../Engine/Content/Tutorial/Landscape/TutorialAssets/Landscape.uasset" 145
"../../../Engine/Content/Tutorial/Landscape/LandscapeWalkThrough.uasset" 146
"../../../Engine/Content/Tutorial/Landscape/Landscape_Manage_Mode.uasset" 147
"../../../Engine/Content/EditorBlueprintResources/StandardMacros.uasset" 148
"../../../Engine/Content/Tutorial/Landscape/Landscape_Painting_Mode.uasset" 149
"../../../Engine/Content/Tutorial/Landscape/Landscape_Sculpt_Mode.uasset" 150
"../../../Engine/Content/VREditor/LaserPointer/VR_LaserPower_01.uasset" 151
"../../../Engine/Content/VREditor/TransformGizmo/TransformGizmoMaterial.uasset" 152
"../../../Engine/Content/VREditor/TransformGizmo/TranslucentTransformGizmoMaterial.uasset" 153
"../../../Engine/Content/VREditor/TransformGizmo/BoundingBoxCorner.uasset" 154
"../../../Engine/Content/VREditor/TransformGizmo/BoundingBoxEdge.uasset" 155
"../../../Engine/Content/VREditor/TransformGizmo/PlaneTranslationHandle.uasset" 156
"../../../Engine/Content/VREditor/TransformGizmo/Main.uasset" 157
"../../../Engine/Content/VREditor/TransformGizmo/Xray.uasset" 158
"../../../Engine/Content/VREditor/TransformGizmo/SM_Sequencer_Key.uasset" 159
"../../../Engine/Content/VREditor/TransformGizmo/SM_Sequencer_Node.uasset" 160
"../../Plugins/2D/Paper2D/Content/PlaceholderTextures/DummySpriteTexture.uasset" 161
"../../Plugins/2D/Paper2D/Content/DummySprite.uasset" 162
"../../Plugins/2D/Paper2D/Content/DefaultPaperTerrainMaterial.uasset" 163
"../../Plugins/2D/Paper2D/Content/DummySpriteTexture.uasset" 164
"../../Plugins/2D/Paper2D/Content/DefaultSpriteMaterial.uasset" 165
"../../Plugins/2D/Paper2D/Content/MaskedUnlitSpriteMaterial.uasset" 166
"../../Plugins/2D/Paper2D/Content/OpaqueUnlitSpriteMaterial.uasset" 167
"../../../Engine/Content/Functions/Engine_MaterialFunctions02/Utility/BreakOutFloat4Components.uasset" 168
"../../../Engine/Content/Functions/Engine_MaterialFunctions02/Utility/MakeFloat2.uasset" 169
"../../../Engine/Content/Functions/Engine_MaterialFunctions02/Utility/MakeFloat3.uasset" 170
"../../Plugins/Runtime/Oculus/OculusVR/Content/Materials/OculusMR_ChromaKey.uasset" 171
"../../Plugins/Runtime/Oculus/OculusVR/Content/Materials/OculusMR_ChromaKey_Lit.uasset" 172
"../../Plugins/Runtime/Oculus/OculusVR/Content/Materials/OculusMR_OpaqueColoredMaterial.uasset" 173
"../../Plugins/Runtime/Oculus/OculusVR/Content/Materials/OculusMR_WhiteMaterial.uasset" 174
"../../../../../../Users/conno/Dropbox/My PC (LAPTOP-30LTRUSN)/Documents/Unreal Projects/XtremeNewBullet/Content/DirectionalGravity/Blueprints/MainMenu_PC.uasset" 175
"../../../../../../Users/conno/Dropbox/My PC (LAPTOP-30LTRUSN)/Documents/Unreal Projects/XtremeNewBullet/Content/DirectionalGravity/Blueprints/MainMenuGameMode.uasset" 176
"../../../../../../Users/conno/Dropbox/My PC (LAPTOP-30LTRUSN)/Documents/Unreal Projects/XtremeNewBullet/Content/Maps/MainMenuMap_BuiltData.uasset" 177
"../../../../../../Users/conno/Dropbox/My PC (LAPTOP-30LTRUSN)/Documents/Unreal Projects/XtremeNewBullet/Content/Textures/screenshotPlanet4.uasset" 178
"../../../../../../Users/conno/Dropbox/My PC (LAPTOP-30LTRUSN)/Documents/Unreal Projects/XtremeNewBullet/Content/MenuScreens/CreditsScreen.uasset" 179
"../../../../../../Users/conno/Dropbox/My PC (LAPTOP-30LTRUSN)/Documents/Unreal Projects/XtremeNewBullet/Content/Textures/earthPlanet.uasset" 180
"../../../../../../Users/conno/Dropbox/My PC (LAPTOP-30LTRUSN)/Documents/Unreal Projects/XtremeNewBullet/Content/Textures/icePlanet.uasset" 181
"../../../../../../Users/conno/Dropbox/My PC (LAPTOP-30LTRUSN)/Documents/Unreal Projects/XtremeNewBullet/Content/Textures/lavaPlanet.uasset" 182
"../../../../../../Users/conno/Dropbox/My PC (LAPTOP-30LTRUSN)/Documents/Unreal Projects/XtremeNewBullet/Content/Textures/marcusTransparent.uasset" 183
"../../../../../../Users/conno/Dropbox/My PC (LAPTOP-30LTRUSN)/Documents/Unreal Projects/XtremeNewBullet/Content/Textures/moon.uasset" 184
"../../../../../../Users/conno/Dropbox/My PC (LAPTOP-30LTRUSN)/Documents/Unreal Projects/XtremeNewBullet/Content/Textures/sandPlanet.uasset" 185
"../../../../../../Users/conno/Dropbox/My PC (LAPTOP-30LTRUSN)/Documents/Unreal Projects/XtremeNewBullet/Content/MenuScreens/MainMenuScreen.uasset" 186
"../../../../../../Users/conno/Dropbox/My PC (LAPTOP-30LTRUSN)/Documents/Unreal Projects/XtremeNewBullet/Content/Sounds/Ludum_Dare_28_-_Track_1.uasset" 187
"../../../../../../Users/conno/Dropbox/My PC (LAPTOP-30LTRUSN)/Documents/Unreal Projects/XtremeNewBullet/Content/Sounds/MainMenuMusic.uasset" 188
"../../../../../../Users/conno/Dropbox/My PC (LAPTOP-30LTRUSN)/Documents/Unreal Projects/XtremeNewBullet/Content/Maps/MainMenuMap.umap" 189
"../../../Engine/Content/EditorBlueprintResources/ActorMacros.uasset" 190
"../../../Engine/Content/EngineMeshes/Humanoid.uasset" 191
"../../../../../../Users/conno/Dropbox/My PC (LAPTOP-30LTRUSN)/Documents/Unreal Projects/XtremeNewBullet/Content/Markus/Markusv3_Skeleton.uasset" 192
"../../../../../../Users/conno/Dropbox/My PC (LAPTOP-30LTRUSN)/Documents/Unreal Projects/XtremeNewBullet/Content/MarkusRetargeted/ParachuteOpenDive.uasset" 193
"../../../../../../Users/conno/Dropbox/My PC (LAPTOP-30LTRUSN)/Documents/Unreal Projects/XtremeNewBullet/Content/MarkusRetargeted/Shooting_Anim_mixamo_com.uasset" 194
"../../../../../../Users/conno/Dropbox/My PC (LAPTOP-30LTRUSN)/Documents/Unreal Projects/XtremeNewBullet/Content/Sounds/Land.uasset" 195
"../../../../../../Users/conno/Dropbox/My PC (LAPTOP-30LTRUSN)/Documents/Unreal Projects/XtremeNewBullet/Content/MarkusRetargeted/ThirdPerson_Jump.uasset" 196
"../../../../../../Users/conno/Dropbox/My PC (LAPTOP-30LTRUSN)/Documents/Unreal Projects/XtremeNewBullet/Content/Sounds/Jump.uasset" 197
"../../../../../../Users/conno/Dropbox/My PC (LAPTOP-30LTRUSN)/Documents/Unreal Projects/XtremeNewBullet/Content/MarkusRetargeted/ThirdPersonJump_Start.uasset" 198
"../../../../../../Users/conno/Dropbox/My PC (LAPTOP-30LTRUSN)/Documents/Unreal Projects/XtremeNewBullet/Content/MarkusRetargeted/ThirdPersonIdle.uasset" 199
"../../../../../../Users/conno/Dropbox/My PC (LAPTOP-30LTRUSN)/Documents/Unreal Projects/XtremeNewBullet/Content/Sounds/steps/steps.uasset" 200
"../../../../../../Users/conno/Dropbox/My PC (LAPTOP-30LTRUSN)/Documents/Unreal Projects/XtremeNewBullet/Content/MarkusRetargeted/ThirdPersonRun.uasset" 201
"../../../../../../Users/conno/Dropbox/My PC (LAPTOP-30LTRUSN)/Documents/Unreal Projects/XtremeNewBullet/Content/MarkusRetargeted/ThirdPersonWalk.uasset" 202
"../../../../../../Users/conno/Dropbox/My PC (LAPTOP-30LTRUSN)/Documents/Unreal Projects/XtremeNewBullet/Content/MarkusRetargeted/ThirdPerson_IdleRun_2D.uasset" 203
"../../../../../../Users/conno/Dropbox/My PC (LAPTOP-30LTRUSN)/Documents/Unreal Projects/XtremeNewBullet/Content/MarkusRetargeted/Markus_AnimBP.uasset" 204
"../../../../../../Users/conno/Dropbox/My PC (LAPTOP-30LTRUSN)/Documents/Unreal Projects/XtremeNewBullet/Content/DirectionalGravity/Blueprints/GravityLogic/BP_GravityReceiver.uasset" 205
"../../../../../../Users/conno/Dropbox/My PC (LAPTOP-30LTRUSN)/Documents/Unreal Projects/XtremeNewBullet/Content/DirectionalGravity/Blueprints/Helpers/BP_MathHelpers.uasset" 206
"../../../../../../Users/conno/Dropbox/My PC (LAPTOP-30LTRUSN)/Documents/Unreal Projects/XtremeNewBullet/Content/Materials/blueMaterial.uasset" 207
"../../../../../../Users/conno/Dropbox/My PC (LAPTOP-30LTRUSN)/Documents/Unreal Projects/XtremeNewBullet/Content/CTF/SM_Flag.uasset" 208
"../../../../../../Users/conno/Dropbox/My PC (LAPTOP-30LTRUSN)/Documents/Unreal Projects/XtremeNewBullet/Content/UIWidgets/PickupWidget.uasset" 209
"../../../../../../Users/conno/Dropbox/My PC (LAPTOP-30LTRUSN)/Documents/Unreal Projects/XtremeNewBullet/Content/DirectionalGravity/Blueprints/SceneObjects/BP_BlueFlagActor.uasset" 210
"../../../../../../Users/conno/Dropbox/My PC (LAPTOP-30LTRUSN)/Documents/Unreal Projects/XtremeNewBullet/Content/DirectionalGravity/Blueprints/GravityLogic/Minimap_T2.uasset" 211
"../../../../../../Users/conno/Dropbox/My PC (LAPTOP-30LTRUSN)/Documents/Unreal Projects/XtremeNewBullet/Content/DirectionalGravity/Blueprints/GravityLogic/Minimap_T.uasset" 212
"../../../../../../Users/conno/Dropbox/My PC (LAPTOP-30LTRUSN)/Documents/Unreal Projects/XtremeNewBullet/Content/GunAssets/SpaceGun_initialShadingGroup_BaseColor.uasset" 213
"../../../../../../Users/conno/Dropbox/My PC (LAPTOP-30LTRUSN)/Documents/Unreal Projects/XtremeNewBullet/Content/GunAssets/initialShadingGroup.uasset" 214
"../../../../../../Users/conno/Dropbox/My PC (LAPTOP-30LTRUSN)/Documents/Unreal Projects/XtremeNewBullet/Content/GunAssets/SpaceGun.uasset" 215
"../../../../../../Users/conno/Dropbox/My PC (LAPTOP-30LTRUSN)/Documents/Unreal Projects/XtremeNewBullet/Content/DirectionalGravity/Blueprints/GravityLogic/Minimap_T2_Mat.uasset" 216
"../../../../../../Users/conno/Dropbox/My PC (LAPTOP-30LTRUSN)/Documents/Unreal Projects/XtremeNewBullet/Content/DirectionalGravity/Blueprints/GravityLogic/Minimap_UI.uasset" 217
"../../../../../../Users/conno/Dropbox/My PC (LAPTOP-30LTRUSN)/Documents/Unreal Projects/XtremeNewBullet/Content/UIWidgets/Health.uasset" 218
"../../../../../../Users/conno/Dropbox/My PC (LAPTOP-30LTRUSN)/Documents/Unreal Projects/XtremeNewBullet/Content/DirectionalGravity/Blueprints/DirectionalGravityGameMode.uasset" 219
"../../../../../../Users/conno/Dropbox/My PC (LAPTOP-30LTRUSN)/Documents/Unreal Projects/XtremeNewBullet/Content/UIWidgets/Score.uasset" 220
"../../../../../../Users/conno/Dropbox/My PC (LAPTOP-30LTRUSN)/Documents/Unreal Projects/XtremeNewBullet/Content/Healthbar/HealthBarHUD.uasset" 221
"../../../../../../Users/conno/Dropbox/My PC (LAPTOP-30LTRUSN)/Documents/Unreal Projects/XtremeNewBullet/Content/Markus/Markus_initialShadingGroup_BaseColor.uasset" 222
"../../../../../../Users/conno/Dropbox/My PC (LAPTOP-30LTRUSN)/Documents/Unreal Projects/XtremeNewBullet/Content/Markus/MarkusShader1.uasset" 223
"../../../../../../Users/conno/Dropbox/My PC (LAPTOP-30LTRUSN)/Documents/Unreal Projects/XtremeNewBullet/Content/Markus/Markusv3_PhysicsAsset.uasset" 224
"../../../../../../Users/conno/Dropbox/My PC (LAPTOP-30LTRUSN)/Documents/Unreal Projects/XtremeNewBullet/Content/Markus/Markusv3.uasset" 225
"../../../../../../Users/conno/Dropbox/My PC (LAPTOP-30LTRUSN)/Documents/Unreal Projects/XtremeNewBullet/Content/MenuScreens/Pause_Menu_Widget.uasset" 226
"../../../../../../Users/conno/Dropbox/My PC (LAPTOP-30LTRUSN)/Documents/Unreal Projects/XtremeNewBullet/Content/StarterContent/Textures/T_Fire_SubUV.uasset" 227
"../../../../../../Users/conno/Dropbox/My PC (LAPTOP-30LTRUSN)/Documents/Unreal Projects/XtremeNewBullet/Content/StarterContent/Textures/T_Fire_Tiled_D.uasset" 228
"../../../../../../Users/conno/Dropbox/My PC (LAPTOP-30LTRUSN)/Documents/Unreal Projects/XtremeNewBullet/Content/StarterContent/Particles/Materials/M_Fire_SubUV.uasset" 229
"../../../../../../Users/conno/Dropbox/My PC (LAPTOP-30LTRUSN)/Documents/Unreal Projects/XtremeNewBullet/Content/StarterContent/Textures/T_Water_N.uasset" 230
"../../../../../../Users/conno/Dropbox/My PC (LAPTOP-30LTRUSN)/Documents/Unreal Projects/XtremeNewBullet/Content/StarterContent/Particles/Materials/M_Heat_Distortion.uasset" 231
"../../../Engine/Content/Functions/Engine_MaterialFunctions01/Gradient/RadialGradient.uasset" 232
"../../../../../../Users/conno/Dropbox/My PC (LAPTOP-30LTRUSN)/Documents/Unreal Projects/XtremeNewBullet/Content/StarterContent/Particles/Materials/M_Radial_Gradient.uasset" 233
"../../../../../../Users/conno/Dropbox/My PC (LAPTOP-30LTRUSN)/Documents/Unreal Projects/XtremeNewBullet/Content/StarterContent/Textures/T_Smoke_SubUV.uasset" 234
"../../../../../../Users/conno/Dropbox/My PC (LAPTOP-30LTRUSN)/Documents/Unreal Projects/XtremeNewBullet/Content/StarterContent/Textures/T_Smoke_Tiled_D.uasset" 235
"../../../../../../Users/conno/Dropbox/My PC (LAPTOP-30LTRUSN)/Documents/Unreal Projects/XtremeNewBullet/Content/StarterContent/Particles/Materials/M_smoke_subUV.uasset" 236
"../../../../../../Users/conno/Dropbox/My PC (LAPTOP-30LTRUSN)/Documents/Unreal Projects/XtremeNewBullet/Content/StarterContent/Particles/P_ThrustExhaust.uasset" 237
"../../Plugins/2D/Paper2D/Content/TranslucentUnlitSpriteMaterial.uasset" 238
"../../../../../../Users/conno/Dropbox/My PC (LAPTOP-30LTRUSN)/Documents/Unreal Projects/XtremeNewBullet/Content/Textures/playerRedIcon_Sprite.uasset" 239
"../../../../../../Users/conno/Dropbox/My PC (LAPTOP-30LTRUSN)/Documents/Unreal Projects/XtremeNewBullet/Content/Textures/flagBlue.uasset" 240
"../../../../../../Users/conno/Dropbox/My PC (LAPTOP-30LTRUSN)/Documents/Unreal Projects/XtremeNewBullet/Content/UIWidgets/PickupWidget1.uasset" 241
"../../../../../../Users/conno/Dropbox/My PC (LAPTOP-30LTRUSN)/Documents/Unreal Projects/XtremeNewBullet/Content/DirectionalGravity/Blueprints/GravityLogic/BP_GravityCharacterTP.uasset" 242
"../../../../../../Users/conno/Dropbox/My PC (LAPTOP-30LTRUSN)/Documents/Unreal Projects/XtremeNewBullet/Content/DirectionalGravity/Materials/M_Base.uasset" 243
"../../../../../../Users/conno/Dropbox/My PC (LAPTOP-30LTRUSN)/Documents/Unreal Projects/XtremeNewBullet/Content/DirectionalGravity/Materials/M_BlueFlag.uasset" 244
"../../../../../../Users/conno/Dropbox/My PC (LAPTOP-30LTRUSN)/Documents/Unreal Projects/XtremeNewBullet/Content/DirectionalGravity/Blueprints/SceneObjects/BP_InteractiveObject.uasset" 245
"../../../../../../Users/conno/Dropbox/My PC (LAPTOP-30LTRUSN)/Documents/Unreal Projects/XtremeNewBullet/Content/Planets/lambert10.uasset" 246
"../../../../../../Users/conno/Dropbox/My PC (LAPTOP-30LTRUSN)/Documents/Unreal Projects/XtremeNewBullet/Content/FirstPerson/Meshes/BaseMaterial.uasset" 247
"../../../../../../Users/conno/Dropbox/My PC (LAPTOP-30LTRUSN)/Documents/Unreal Projects/XtremeNewBullet/Content/FirstPerson/Meshes/FirstPersonProjectileMaterial.uasset" 248
"../../../../../../Users/conno/Dropbox/My PC (LAPTOP-30LTRUSN)/Documents/Unreal Projects/XtremeNewBullet/Content/FirstPerson/Meshes/FirstPersonProjectileMesh.uasset" 249
"../../../../../../Users/conno/Dropbox/My PC (LAPTOP-30LTRUSN)/Documents/Unreal Projects/XtremeNewBullet/Content/FirstPersonBP/Blueprints/FirstPersonProjectile.uasset" 250
"../../../../../../Users/conno/Dropbox/My PC (LAPTOP-30LTRUSN)/Documents/Unreal Projects/XtremeNewBullet/Content/Planets/lambert4.uasset" 251
"../../../Engine/Content/Functions/Engine_MaterialFunctions01/Density/ExponentialDensity.uasset" 252
"../../../Engine/Content/Functions/Engine_MaterialFunctions01/Gradient/RadialGradientExponential.uasset" 253
"../../../../../../Users/conno/Dropbox/My PC (LAPTOP-30LTRUSN)/Documents/Unreal Projects/XtremeNewBullet/Content/Particles_Wind_Control_System/Materials/M_Fireflies.uasset" 254
"../../../../../../Users/conno/Dropbox/My PC (LAPTOP-30LTRUSN)/Documents/Unreal Projects/XtremeNewBullet/Content/Particles_Wind_Control_System/Particles/P_Fireflies.uasset" 255
"../../../../../../Users/conno/Dropbox/My PC (LAPTOP-30LTRUSN)/Documents/Unreal Projects/XtremeNewBullet/Content/robots/Import/blinn1.uasset" 256
"../../../../../../Users/conno/Dropbox/My PC (LAPTOP-30LTRUSN)/Documents/Unreal Projects/XtremeNewBullet/Content/robots/Import/blinn2.uasset" 257
"../../../../../../Users/conno/Dropbox/My PC (LAPTOP-30LTRUSN)/Documents/Unreal Projects/XtremeNewBullet/Content/robots/Import/blinn3.uasset" 258
"../../../../../../Users/conno/Dropbox/My PC (LAPTOP-30LTRUSN)/Documents/Unreal Projects/XtremeNewBullet/Content/robots/Import/blinn4.uasset" 259
"../../../../../../Users/conno/Dropbox/My PC (LAPTOP-30LTRUSN)/Documents/Unreal Projects/XtremeNewBullet/Content/robots/Import/lambert2.uasset" 260
"../../../../../../Users/conno/Dropbox/My PC (LAPTOP-30LTRUSN)/Documents/Unreal Projects/XtremeNewBullet/Content/robots/Import/robotEnemyAI.uasset" 261
"../../../../../../Users/conno/Dropbox/My PC (LAPTOP-30LTRUSN)/Documents/Unreal Projects/XtremeNewBullet/Content/Sounds/Hit.uasset" 262
"../../../../../../Users/conno/Dropbox/My PC (LAPTOP-30LTRUSN)/Documents/Unreal Projects/XtremeNewBullet/Content/Sounds/RobotDeath.uasset" 263
"../../../../../../Users/conno/Dropbox/My PC (LAPTOP-30LTRUSN)/Documents/Unreal Projects/XtremeNewBullet/Content/Blueprints/BP_EnemyPatrolAndShoot.uasset" 264
"../../../../../../Users/conno/Dropbox/My PC (LAPTOP-30LTRUSN)/Documents/Unreal Projects/XtremeNewBullet/Content/Blueprints/BP_SaveGameHS.uasset" 265
"../../../../../../Users/conno/Dropbox/My PC (LAPTOP-30LTRUSN)/Documents/Unreal Projects/XtremeNewBullet/Content/Materials/M_Laser.uasset" 266
"../../../../../../Users/conno/Dropbox/My PC (LAPTOP-30LTRUSN)/Documents/Unreal Projects/XtremeNewBullet/Content/Materials/M_GravityLaser.uasset" 267
"../../../../../../Users/conno/Dropbox/My PC (LAPTOP-30LTRUSN)/Documents/Unreal Projects/XtremeNewBullet/Content/StarterContent/Materials/M_Basic_Wall.uasset" 268
"../../../../../../Users/conno/Dropbox/My PC (LAPTOP-30LTRUSN)/Documents/Unreal Projects/XtremeNewBullet/Content/StarterContent/Shapes/Shape_Cylinder.uasset" 269
"../../../../../../Users/conno/Dropbox/My PC (LAPTOP-30LTRUSN)/Documents/Unreal Projects/XtremeNewBullet/Content/GunAssets/Trail.uasset" 270
"../../../../../../Users/conno/Dropbox/My PC (LAPTOP-30LTRUSN)/Documents/Unreal Projects/XtremeNewBullet/Content/FirstPersonBP/Blueprints/GravityProjectile.uasset" 271
"../../../../../../Users/conno/Dropbox/My PC (LAPTOP-30LTRUSN)/Documents/Unreal Projects/XtremeNewBullet/Content/DirectionalGravity/Blueprints/Helpers/PM_CharacterSlide.uasset" 272
"../../../../../../Users/conno/Dropbox/My PC (LAPTOP-30LTRUSN)/Documents/Unreal Projects/XtremeNewBullet/Content/DirectionalGravity/Blueprints/Helpers/PM_CharacterWalk.uasset" 273
"../../../../../../Users/conno/Dropbox/My PC (LAPTOP-30LTRUSN)/Documents/Unreal Projects/XtremeNewBullet/Content/FirstPerson/Audio/FirstPersonTemplateWeaponFire02.uasset" 274
"../../../../../../Users/conno/Dropbox/My PC (LAPTOP-30LTRUSN)/Documents/Unreal Projects/XtremeNewBullet/Content/DirectionalGravity/Blueprints/GravityLogic/BP_GravityCharacterBase.uasset" 275
"../../../../../../Users/conno/Dropbox/My PC (LAPTOP-30LTRUSN)/Documents/Unreal Projects/XtremeNewBullet/Content/Blueprints/BP_EnemyCharger.uasset" 276
"../../../../../../Users/conno/Dropbox/My PC (LAPTOP-30LTRUSN)/Documents/Unreal Projects/XtremeNewBullet/Content/Blueprints/BP_EnemyTurret.uasset" 277
"../../../../../../Users/conno/Dropbox/My PC (LAPTOP-30LTRUSN)/Documents/Unreal Projects/XtremeNewBullet/Content/DirectionalGravity/Blueprints/GravityLogic/BP_GravityVolumeBase.uasset" 278
"../../../../../../Users/conno/Dropbox/My PC (LAPTOP-30LTRUSN)/Documents/Unreal Projects/XtremeNewBullet/Content/SimpleOM/Blueprints/Struct_SOMActorData.uasset" 279
"../../../../../../Users/conno/Dropbox/My PC (LAPTOP-30LTRUSN)/Documents/Unreal Projects/XtremeNewBullet/Content/SimpleOM/Blueprints/Struct_SOMData.uasset" 280
"../../../../../../Users/conno/Dropbox/My PC (LAPTOP-30LTRUSN)/Documents/Unreal Projects/XtremeNewBullet/Content/SimpleOM/Blueprints/Struct_SOMRandomization.uasset" 281
"../../../Engine/Content/Functions/Engine_MaterialFunctions02/Utility/VectorLength.uasset" 282
"../../../Engine/Content/Functions/Engine_MaterialFunctions02/WorldPositionOffset/ObjectScale.uasset" 283
"../../../../../../Users/conno/Dropbox/My PC (LAPTOP-30LTRUSN)/Documents/Unreal Projects/XtremeNewBullet/Content/SimpleOM/Materials/MM_SOMOrbitIndicator.uasset" 284
"../../../../../../Users/conno/Dropbox/My PC (LAPTOP-30LTRUSN)/Documents/Unreal Projects/XtremeNewBullet/Content/SimpleOM/Materials/M_SOMOrbitIndicatorPlane.uasset" 285
"../../../../../../Users/conno/Dropbox/My PC (LAPTOP-30LTRUSN)/Documents/Unreal Projects/XtremeNewBullet/Content/SimpleOM/Materials/M_SOMOrbitIndicatorPlaneInstanced.uasset" 286
"../../../../../../Users/conno/Dropbox/My PC (LAPTOP-30LTRUSN)/Documents/Unreal Projects/XtremeNewBullet/Content/SimpleOM/Meshes/S_SOMPlane.uasset" 287
"../../../../../../Users/conno/Dropbox/My PC (LAPTOP-30LTRUSN)/Documents/Unreal Projects/XtremeNewBullet/Content/SimpleOM/Textures/T_SOMLogo.uasset" 288
"../../../../../../Users/conno/Dropbox/My PC (LAPTOP-30LTRUSN)/Documents/Unreal Projects/XtremeNewBullet/Content/SimpleOM/Blueprints/BP_SimpleOrbitManagerBase.uasset" 289
"../../../../../../Users/conno/Dropbox/My PC (LAPTOP-30LTRUSN)/Documents/Unreal Projects/XtremeNewBullet/Content/Planets/lambert5.uasset" 290
"../../../../../../Users/conno/Dropbox/My PC (LAPTOP-30LTRUSN)/Documents/Unreal Projects/XtremeNewBullet/Content/Planets/lambert6.uasset" 291
"../../../../../../Users/conno/Dropbox/My PC (LAPTOP-30LTRUSN)/Documents/Unreal Projects/XtremeNewBullet/Content/Planets/lambert7.uasset" 292
"../../../../../../Users/conno/Dropbox/My PC (LAPTOP-30LTRUSN)/Documents/Unreal Projects/XtremeNewBullet/Content/Planets/moon.uasset" 293
"../../../../../../Users/conno/Dropbox/My PC (LAPTOP-30LTRUSN)/Documents/Unreal Projects/XtremeNewBullet/Content/BlueprintBackups/SM_Planet3_Blueprint.uasset" 294
"../../../../../../Users/conno/Dropbox/My PC (LAPTOP-30LTRUSN)/Documents/Unreal Projects/XtremeNewBullet/Content/Blueprints/Respawn.uasset" 295
"../../../../../../Users/conno/Dropbox/My PC (LAPTOP-30LTRUSN)/Documents/Unreal Projects/XtremeNewBullet/Content/MenuScreens/Leaderboard.uasset" 296
"../../../../../../Users/conno/Dropbox/My PC (LAPTOP-30LTRUSN)/Documents/Unreal Projects/XtremeNewBullet/Content/UIWidgets/ScoreWinScreen.uasset" 297
"../../../../../../Users/conno/Dropbox/My PC (LAPTOP-30LTRUSN)/Documents/Unreal Projects/XtremeNewBullet/Content/MenuScreens/WinScreen.uasset" 298
"../../../../../../Users/conno/Dropbox/My PC (LAPTOP-30LTRUSN)/Documents/Unreal Projects/XtremeNewBullet/Content/Sounds/WIN_sound_effect_no_copyright.uasset" 299
"../../../../../../Users/conno/Dropbox/My PC (LAPTOP-30LTRUSN)/Documents/Unreal Projects/XtremeNewBullet/Content/Blueprints/WinCondition_BP.uasset" 300
"../../../../../../Users/conno/Dropbox/My PC (LAPTOP-30LTRUSN)/Documents/Unreal Projects/XtremeNewBullet/Content/DirectionalGravity/Blueprints/SceneObjects/BP_BlueFlag.uasset" 301
"../../../../../../Users/conno/Dropbox/My PC (LAPTOP-30LTRUSN)/Documents/Unreal Projects/XtremeNewBullet/Content/DirectionalGravity/Blueprints/SceneObjects/BP_GravityVolumeBox.uasset" 302
"../../../../../../Users/conno/Dropbox/My PC (LAPTOP-30LTRUSN)/Documents/Unreal Projects/XtremeNewBullet/Content/DirectionalGravity/Blueprints/SceneObjects/BP_GravityVolumeSpherical.uasset" 303
"../../../../../../Users/conno/Dropbox/My PC (LAPTOP-30LTRUSN)/Documents/Unreal Projects/XtremeNewBullet/Content/HealthPowerup/Import/blinn1.uasset" 304
"../../../../../../Users/conno/Dropbox/My PC (LAPTOP-30LTRUSN)/Documents/Unreal Projects/XtremeNewBullet/Content/HealthPowerup/Import/healthPowerupPlayer.uasset" 305
"../../../../../../Users/conno/Dropbox/My PC (LAPTOP-30LTRUSN)/Documents/Unreal Projects/XtremeNewBullet/Content/UIWidgets/healthBoost.uasset" 306
"../../../../../../Users/conno/Dropbox/My PC (LAPTOP-30LTRUSN)/Documents/Unreal Projects/XtremeNewBullet/Content/DirectionalGravity/Blueprints/SceneObjects/BP_HealthPowerup2.uasset" 307
"../../../../../../Users/conno/Dropbox/My PC (LAPTOP-30LTRUSN)/Documents/Unreal Projects/XtremeNewBullet/Content/Materials/RedMaterial.uasset" 308
"../../../../../../Users/conno/Dropbox/My PC (LAPTOP-30LTRUSN)/Documents/Unreal Projects/XtremeNewBullet/Content/CTF/SM_Flag_2.uasset" 309
"../../../../../../Users/conno/Dropbox/My PC (LAPTOP-30LTRUSN)/Documents/Unreal Projects/XtremeNewBullet/Content/DirectionalGravity/Blueprints/SceneObjects/BP_RedFlag.uasset" 310
"../../../../../../Users/conno/Dropbox/My PC (LAPTOP-30LTRUSN)/Documents/Unreal Projects/XtremeNewBullet/Content/SimpleOM/Blueprints/BP_SOMActorOrbit.uasset" 311
"../../../../../../Users/conno/Dropbox/My PC (LAPTOP-30LTRUSN)/Documents/Unreal Projects/XtremeNewBullet/Content/StarSphere/Textures/T_Sun.uasset" 312
"../../../../../../Users/conno/Dropbox/My PC (LAPTOP-30LTRUSN)/Documents/Unreal Projects/XtremeNewBullet/Content/StarSphere/Materials/MF_StarSphereDecal.uasset" 313
"../../../../../../Users/conno/Dropbox/My PC (LAPTOP-30LTRUSN)/Documents/Unreal Projects/XtremeNewBullet/Content/StarSphere/Textures/T_Nebulas.uasset" 314
"../../../../../../Users/conno/Dropbox/My PC (LAPTOP-30LTRUSN)/Documents/Unreal Projects/XtremeNewBullet/Content/StarSphere/Textures/T_StarsBig.uasset" 315
"../../../../../../Users/conno/Dropbox/My PC (LAPTOP-30LTRUSN)/Documents/Unreal Projects/XtremeNewBullet/Content/StarSphere/Textures/T_StarsPoints.uasset" 316
"../../../../../../Users/conno/Dropbox/My PC (LAPTOP-30LTRUSN)/Documents/Unreal Projects/XtremeNewBullet/Content/StarSphere/Materials/M_StarSphere.uasset" 317
"../../../../../../Users/conno/Dropbox/My PC (LAPTOP-30LTRUSN)/Documents/Unreal Projects/XtremeNewBullet/Content/StarSphere/Textures/T_Saturn.uasset" 318
"../../../../../../Users/conno/Dropbox/My PC (LAPTOP-30LTRUSN)/Documents/Unreal Projects/XtremeNewBullet/Content/StarSphere/Materials/MI_StarSphere.uasset" 319
"../../../../../../Users/conno/Dropbox/My PC (LAPTOP-30LTRUSN)/Documents/Unreal Projects/XtremeNewBullet/Content/StarSphere/Meshes/SM_StarSphere.uasset" 320
"../../../../../../Users/conno/Dropbox/My PC (LAPTOP-30LTRUSN)/Documents/Unreal Projects/XtremeNewBullet/Content/StarSphere/Blueprints/BP_StarSphere.uasset" 321
"../../../../../../Users/conno/Dropbox/My PC (LAPTOP-30LTRUSN)/Documents/Unreal Projects/XtremeNewBullet/Content/Maps/PlanetHopping_4_BuiltData.uasset" 322
"../../../../../../Users/conno/Dropbox/My PC (LAPTOP-30LTRUSN)/Documents/Unreal Projects/XtremeNewBullet/Content/Planets/blinn1.uasset" 323
"../../../../../../Users/conno/Dropbox/My PC (LAPTOP-30LTRUSN)/Documents/Unreal Projects/XtremeNewBullet/Content/Planets/blinn6.uasset" 324
"../../../../../../Users/conno/Dropbox/My PC (LAPTOP-30LTRUSN)/Documents/Unreal Projects/XtremeNewBullet/Content/Planets/blinn7.uasset" 325
"../../../../../../Users/conno/Dropbox/My PC (LAPTOP-30LTRUSN)/Documents/Unreal Projects/XtremeNewBullet/Content/Planets/lambert9.uasset" 326
"../../../../../../Users/conno/Dropbox/My PC (LAPTOP-30LTRUSN)/Documents/Unreal Projects/XtremeNewBullet/Content/Textures/blueArrow.uasset" 327
"../../../../../../Users/conno/Dropbox/My PC (LAPTOP-30LTRUSN)/Documents/Unreal Projects/XtremeNewBullet/Content/Textures/blueArrowDecal.uasset" 328
"../../../../../../Users/conno/Dropbox/My PC (LAPTOP-30LTRUSN)/Documents/Unreal Projects/XtremeNewBullet/Content/Textures/blueTeam.uasset" 329
"../../../../../../Users/conno/Dropbox/My PC (LAPTOP-30LTRUSN)/Documents/Unreal Projects/XtremeNewBullet/Content/Textures/blueTeamDecal.uasset" 330
"../../../../../../Users/conno/Dropbox/My PC (LAPTOP-30LTRUSN)/Documents/Unreal Projects/XtremeNewBullet/Content/Textures/explorationMap.uasset" 331
"../../../../../../Users/conno/Dropbox/My PC (LAPTOP-30LTRUSN)/Documents/Unreal Projects/XtremeNewBullet/Content/Textures/explorationDecal.uasset" 332
"../../../../../../Users/conno/Dropbox/My PC (LAPTOP-30LTRUSN)/Documents/Unreal Projects/XtremeNewBullet/Content/Textures/returnFlag.uasset" 333
"../../../../../../Users/conno/Dropbox/My PC (LAPTOP-30LTRUSN)/Documents/Unreal Projects/XtremeNewBullet/Content/Textures/explorationDecal_2.uasset" 334
"../../../../../../Users/conno/Dropbox/My PC (LAPTOP-30LTRUSN)/Documents/Unreal Projects/XtremeNewBullet/Content/Textures/minimap_decal.uasset" 335
"../../../../../../Users/conno/Dropbox/My PC (LAPTOP-30LTRUSN)/Documents/Unreal Projects/XtremeNewBullet/Content/Textures/redArrow.uasset" 336
"../../../../../../Users/conno/Dropbox/My PC (LAPTOP-30LTRUSN)/Documents/Unreal Projects/XtremeNewBullet/Content/Textures/redArrowDecal.uasset" 337
"../../../../../../Users/conno/Dropbox/My PC (LAPTOP-30LTRUSN)/Documents/Unreal Projects/XtremeNewBullet/Content/Textures/redTeam.uasset" 338
"../../../../../../Users/conno/Dropbox/My PC (LAPTOP-30LTRUSN)/Documents/Unreal Projects/XtremeNewBullet/Content/Textures/redTeam_decal.uasset" 339
"../../../../../../Users/conno/Dropbox/My PC (LAPTOP-30LTRUSN)/Documents/Unreal Projects/XtremeNewBullet/Content/MenuScreens/GameOver.uasset" 340
"../../../../../../Users/conno/Dropbox/My PC (LAPTOP-30LTRUSN)/Documents/Unreal Projects/XtremeNewBullet/Content/Planets/lambert1.uasset" 341
"../../../../../../Users/conno/Dropbox/My PC (LAPTOP-30LTRUSN)/Documents/Unreal Projects/XtremeNewBullet/Content/Planets/lambert11.uasset" 342
"../../../../../../Users/conno/Dropbox/My PC (LAPTOP-30LTRUSN)/Documents/Unreal Projects/XtremeNewBullet/Content/Planets/lambert15.uasset" 343
"../../../../../../Users/conno/Dropbox/My PC (LAPTOP-30LTRUSN)/Documents/Unreal Projects/XtremeNewBullet/Content/Planets/lambert8.uasset" 344
"../../../../../../Users/conno/Dropbox/My PC (LAPTOP-30LTRUSN)/Documents/Unreal Projects/XtremeNewBullet/Content/Planets/desertPlanet.uasset" 345
"../../../../../../Users/conno/Dropbox/My PC (LAPTOP-30LTRUSN)/Documents/Unreal Projects/XtremeNewBullet/Content/Planets/blinn4.uasset" 346
"../../../../../../Users/conno/Dropbox/My PC (LAPTOP-30LTRUSN)/Documents/Unreal Projects/XtremeNewBullet/Content/Planets/lambert14.uasset" 347
"../../../../../../Users/conno/Dropbox/My PC (LAPTOP-30LTRUSN)/Documents/Unreal Projects/XtremeNewBullet/Content/Planets/lambert16.uasset" 348
"../../../../../../Users/conno/Dropbox/My PC (LAPTOP-30LTRUSN)/Documents/Unreal Projects/XtremeNewBullet/Content/Planets/lambert17.uasset" 349
"../../../../../../Users/conno/Dropbox/My PC (LAPTOP-30LTRUSN)/Documents/Unreal Projects/XtremeNewBullet/Content/Planets/lambert18.uasset" 350
"../../../../../../Users/conno/Dropbox/My PC (LAPTOP-30LTRUSN)/Documents/Unreal Projects/XtremeNewBullet/Content/Planets/earth.uasset" 351
"../../../../../../Users/conno/Dropbox/My PC (LAPTOP-30LTRUSN)/Documents/Unreal Projects/XtremeNewBullet/Content/Planets/lambert20.uasset" 352
"../../../../../../Users/conno/Dropbox/My PC (LAPTOP-30LTRUSN)/Documents/Unreal Projects/XtremeNewBullet/Content/Planets/lambert21.uasset" 353
"../../../../../../Users/conno/Dropbox/My PC (LAPTOP-30LTRUSN)/Documents/Unreal Projects/XtremeNewBullet/Content/Planets/icePlanet.uasset" 354
"../../../../../../Users/conno/Dropbox/My PC (LAPTOP-30LTRUSN)/Documents/Unreal Projects/XtremeNewBullet/Content/Planets/blinn8.uasset" 355
"../../../../../../Users/conno/Dropbox/My PC (LAPTOP-30LTRUSN)/Documents/Unreal Projects/XtremeNewBullet/Content/Planets/blinn9.uasset" 356
"../../../../../../Users/conno/Dropbox/My PC (LAPTOP-30LTRUSN)/Documents/Unreal Projects/XtremeNewBullet/Content/Planets/lambert19.uasset" 357
"../../../../../../Users/conno/Dropbox/My PC (LAPTOP-30LTRUSN)/Documents/Unreal Projects/XtremeNewBullet/Content/Planets/lavaPlanet.uasset" 358
"../../../../../../Users/conno/Dropbox/My PC (LAPTOP-30LTRUSN)/Documents/Unreal Projects/XtremeNewBullet/Content/Platforms/Import/blinn2.uasset" 359
"../../../../../../Users/conno/Dropbox/My PC (LAPTOP-30LTRUSN)/Documents/Unreal Projects/XtremeNewBullet/Content/Platforms/Import/blinn4.uasset" 360
"../../../../../../Users/conno/Dropbox/My PC (LAPTOP-30LTRUSN)/Documents/Unreal Projects/XtremeNewBullet/Content/Platforms/Import/blinn5.uasset" 361
"../../../../../../Users/conno/Dropbox/My PC (LAPTOP-30LTRUSN)/Documents/Unreal Projects/XtremeNewBullet/Content/Platforms/Import/blinn6.uasset" 362
"../../../../../../Users/conno/Dropbox/My PC (LAPTOP-30LTRUSN)/Documents/Unreal Projects/XtremeNewBullet/Content/Platforms/Import/lambert2.uasset" 363
"../../../../../../Users/conno/Dropbox/My PC (LAPTOP-30LTRUSN)/Documents/Unreal Projects/XtremeNewBullet/Content/Platforms/Import/circularPlatform.uasset" 364
"../../../../../../Users/conno/Dropbox/My PC (LAPTOP-30LTRUSN)/Documents/Unreal Projects/XtremeNewBullet/Content/Signs/Import/lambert1.uasset" 365
"../../../../../../Users/conno/Dropbox/My PC (LAPTOP-30LTRUSN)/Documents/Unreal Projects/XtremeNewBullet/Content/Signs/Import/sign.uasset" 366
"../../../../../../Users/conno/Dropbox/My PC (LAPTOP-30LTRUSN)/Documents/Unreal Projects/XtremeNewBullet/Content/Signs/Import/blinn1.uasset" 367
"../../../../../../Users/conno/Dropbox/My PC (LAPTOP-30LTRUSN)/Documents/Unreal Projects/XtremeNewBullet/Content/Signs/Import/blinn2.uasset" 368
"../../../../../../Users/conno/Dropbox/My PC (LAPTOP-30LTRUSN)/Documents/Unreal Projects/XtremeNewBullet/Content/Signs/Import/target.uasset" 369
"../../../../../../Users/conno/Dropbox/My PC (LAPTOP-30LTRUSN)/Documents/Unreal Projects/XtremeNewBullet/Content/Sounds/gameOver2.uasset" 370
"../../../../../../Users/conno/Dropbox/My PC (LAPTOP-30LTRUSN)/Documents/Unreal Projects/XtremeNewBullet/Content/Sounds/markusKilled.uasset" 371
"../../../../../../Users/conno/Dropbox/My PC (LAPTOP-30LTRUSN)/Documents/Unreal Projects/XtremeNewBullet/Content/Sounds/Roboxel_-_Space_Music.uasset" 372
"../../../../../../Users/conno/Dropbox/My PC (LAPTOP-30LTRUSN)/Documents/Unreal Projects/XtremeNewBullet/Content/Sounds/Roboxel_-_Space_Music_Cue.uasset" 373
"../../../../../../Users/conno/Dropbox/My PC (LAPTOP-30LTRUSN)/Documents/Unreal Projects/XtremeNewBullet/Content/UIWidgets/RespawnText1.uasset" 374
"../../../../../../Users/conno/Dropbox/My PC (LAPTOP-30LTRUSN)/Documents/Unreal Projects/XtremeNewBullet/Content/Maps/PlanetHopping_4.umap" 375
"../../../../../../Users/conno/Dropbox/My PC (LAPTOP-30LTRUSN)/Documents/Unreal Projects/XtremeNewBullet/Content/MenuScreens/BPW_NextLevel.uasset" 376
"../../../../../../Users/conno/Dropbox/My PC (LAPTOP-30LTRUSN)/Documents/Unreal Projects/XtremeNewBullet/Content/Blueprints/NextLevel_BP.uasset" 377
"../../../../../../Users/conno/Dropbox/My PC (LAPTOP-30LTRUSN)/Documents/Unreal Projects/XtremeNewBullet/Content/Blueprints/Respawn_Blueprint_Child.uasset" 378
"../../../../../../Users/conno/Dropbox/My PC (LAPTOP-30LTRUSN)/Documents/Unreal Projects/XtremeNewBullet/Content/Maps/Tutorial_BuiltData.uasset" 379
"../../../../../../Users/conno/Dropbox/My PC (LAPTOP-30LTRUSN)/Documents/Unreal Projects/XtremeNewBullet/Content/Textures/Printable-Bullseye-Target-drawing.uasset" 380
"../../../../../../Users/conno/Dropbox/My PC (LAPTOP-30LTRUSN)/Documents/Unreal Projects/XtremeNewBullet/Content/Textures/bullseye_decal.uasset" 381
"../../../../../../Users/conno/Dropbox/My PC (LAPTOP-30LTRUSN)/Documents/Unreal Projects/XtremeNewBullet/Content/Textures/flagDecalBlueTutorial.uasset" 382
"../../../../../../Users/conno/Dropbox/My PC (LAPTOP-30LTRUSN)/Documents/Unreal Projects/XtremeNewBullet/Content/Textures/flagDecalBlueTutorial2.uasset" 383
"../../../../../../Users/conno/Dropbox/My PC (LAPTOP-30LTRUSN)/Documents/Unreal Projects/XtremeNewBullet/Content/Textures/XtremeCTF_Content_Textures_rules.uasset" 384
"../../../../../../Users/conno/Dropbox/My PC (LAPTOP-30LTRUSN)/Documents/Unreal Projects/XtremeNewBullet/Content/Textures/rulesDecal.uasset" 385
"../../../../../../Users/conno/Dropbox/My PC (LAPTOP-30LTRUSN)/Documents/Unreal Projects/XtremeNewBullet/Content/Textures/returnTransmitterDecalText.uasset" 386
"../../../../../../Users/conno/Dropbox/My PC (LAPTOP-30LTRUSN)/Documents/Unreal Projects/XtremeNewBullet/Content/Textures/transmitterDecalInstructions.uasset" 387
"../../../../../../Users/conno/Dropbox/My PC (LAPTOP-30LTRUSN)/Documents/Unreal Projects/XtremeNewBullet/Content/Textures/tutorialDecal.uasset" 388
"../../../../../../Users/conno/Dropbox/My PC (LAPTOP-30LTRUSN)/Documents/Unreal Projects/XtremeNewBullet/Content/MenuScreens/GameOver1.uasset" 389
"../../../../../../Users/conno/Dropbox/My PC (LAPTOP-30LTRUSN)/Documents/Unreal Projects/XtremeNewBullet/Content/UIWidgets/RespawnText.uasset" 390
"../../../../../../Users/conno/Dropbox/My PC (LAPTOP-30LTRUSN)/Documents/Unreal Projects/XtremeNewBullet/Content/Maps/Tutorial.umap" 391
"../../../Engine/Content/Maps/Entry_BuiltData.uasset" 392
"../../../Engine/Content/Maps/Entry.umap" 393
